mode: set
github.com/karstenflache/commander-1/fs/fs.go:17.48,19.16 2 1
github.com/karstenflache/commander-1/fs/fs.go:19.16,21.3 1 1
github.com/karstenflache/commander-1/fs/fs.go:23.2,24.32 2 1
github.com/karstenflache/commander-1/fs/fs.go:24.32,31.3 2 1
github.com/karstenflache/commander-1/fs/fs.go:34.2,34.40 1 1
github.com/karstenflache/commander-1/fs/fs.go:34.40,35.39 1 1
github.com/karstenflache/commander-1/fs/fs.go:35.39,37.4 1 1
github.com/karstenflache/commander-1/fs/fs.go:38.3,38.39 1 1
github.com/karstenflache/commander-1/fs/fs.go:41.2,41.19 1 1
github.com/karstenflache/commander-1/fs/fs.go:45.34,47.16 2 1
github.com/karstenflache/commander-1/fs/fs.go:47.16,49.3 1 1
github.com/karstenflache/commander-1/fs/fs.go:50.2,53.16 3 1
github.com/karstenflache/commander-1/fs/fs.go:53.16,55.3 1 0
github.com/karstenflache/commander-1/fs/fs.go:57.2,58.16 2 1
github.com/karstenflache/commander-1/fs/fs.go:58.16,60.3 1 0
github.com/karstenflache/commander-1/fs/fs.go:61.2,64.12 3 1
github.com/karstenflache/commander-1/fs/fs.go:68.34,71.16 2 1
github.com/karstenflache/commander-1/fs/fs.go:71.16,73.3 1 1
github.com/karstenflache/commander-1/fs/fs.go:76.2,76.39 1 0
github.com/karstenflache/commander-1/fs/fs.go:76.39,78.3 1 0
github.com/karstenflache/commander-1/fs/fs.go:79.2,79.23 1 0
github.com/karstenflache/commander-1/fs/fs.go:83.32,85.2 1 1
github.com/karstenflache/commander-1/fs/fs.go:88.37,90.16 2 1
github.com/karstenflache/commander-1/fs/fs.go:90.16,92.3 1 0
github.com/karstenflache/commander-1/fs/fs.go:93.2,93.22 1 1
github.com/karstenflache/commander-1/fs/fs.go:93.22,95.3 1 1
github.com/karstenflache/commander-1/fs/fs.go:97.2,98.16 2 1
github.com/karstenflache/commander-1/fs/fs.go:98.16,100.3 1 1
github.com/karstenflache/commander-1/fs/fs.go:102.2,103.16 2 1
github.com/karstenflache/commander-1/fs/fs.go:103.16,105.3 1 0
github.com/karstenflache/commander-1/fs/fs.go:107.2,108.16 2 1
github.com/karstenflache/commander-1/fs/fs.go:108.16,110.3 1 0
github.com/karstenflache/commander-1/fs/fs.go:112.2,112.32 1 1
github.com/karstenflache/commander-1/fs/fs.go:112.32,116.20 3 1
github.com/karstenflache/commander-1/fs/fs.go:116.20,118.18 2 1
github.com/karstenflache/commander-1/fs/fs.go:118.18,120.5 1 0
github.com/karstenflache/commander-1/fs/fs.go:121.9,123.18 2 1
github.com/karstenflache/commander-1/fs/fs.go:123.18,125.5 1 0
github.com/karstenflache/commander-1/fs/fs.go:128.2,128.12 1 1
github.com/karstenflache/commander-1/fs/fs.go:132.35,134.2 1 1
github.com/karstenflache/commander-1/fs/fs.go:137.68,139.16 2 1
github.com/karstenflache/commander-1/fs/fs.go:139.16,141.3 1 0
github.com/karstenflache/commander-1/fs/fs.go:143.2,144.32 2 1
github.com/karstenflache/commander-1/fs/fs.go:144.32,154.25 4 1
github.com/karstenflache/commander-1/fs/fs.go:154.25,156.18 2 1
github.com/karstenflache/commander-1/fs/fs.go:156.18,157.13 1 0
github.com/karstenflache/commander-1/fs/fs.go:159.4,159.40 1 1
github.com/karstenflache/commander-1/fs/fs.go:163.2,163.40 1 1
github.com/karstenflache/commander-1/fs/fs.go:163.40,164.39 1 1
github.com/karstenflache/commander-1/fs/fs.go:164.39,166.4 1 1
github.com/karstenflache/commander-1/fs/fs.go:167.3,167.39 1 1
github.com/karstenflache/commander-1/fs/fs.go:170.2,170.19 1 1
github.com/karstenflache/commander-1/main.go:49.31,52.2 1 0
github.com/karstenflache/commander-1/main.go:54.27,63.2 2 1
github.com/karstenflache/commander-1/main.go:71.46,72.24 1 1
github.com/karstenflache/commander-1/main.go:72.24,75.3 2 1
github.com/karstenflache/commander-1/main.go:78.57,79.27 1 1
github.com/karstenflache/commander-1/main.go:80.25,86.57 6 1
github.com/karstenflache/commander-1/main.go:88.18,89.21 1 0
github.com/karstenflache/commander-1/main.go:89.21,91.4 1 0
github.com/karstenflache/commander-1/main.go:91.9,94.70 2 0
github.com/karstenflache/commander-1/main.go:94.70,96.5 1 0
github.com/karstenflache/commander-1/main.go:99.23,100.21 1 0
github.com/karstenflache/commander-1/main.go:100.21,102.4 1 0
github.com/karstenflache/commander-1/main.go:102.9,106.4 2 0
github.com/karstenflache/commander-1/main.go:107.3,107.16 1 0
github.com/karstenflache/commander-1/main.go:109.18,111.23 2 1
github.com/karstenflache/commander-1/main.go:112.22,113.22 1 1
github.com/karstenflache/commander-1/main.go:114.14,116.20 2 1
github.com/karstenflache/commander-1/main.go:117.13,118.20 1 1
github.com/karstenflache/commander-1/main.go:118.20,121.91 2 1
github.com/karstenflache/commander-1/main.go:121.91,123.6 1 0
github.com/karstenflache/commander-1/main.go:125.15,126.35 1 1
github.com/karstenflache/commander-1/main.go:126.35,129.104 2 1
github.com/karstenflache/commander-1/main.go:129.104,131.6 1 0
github.com/karstenflache/commander-1/main.go:133.15,136.90 2 0
github.com/karstenflache/commander-1/main.go:136.90,138.5 1 0
github.com/karstenflache/commander-1/main.go:139.17,142.105 2 0
github.com/karstenflache/commander-1/main.go:142.105,144.5 1 0
github.com/karstenflache/commander-1/main.go:145.16,146.26 1 0
github.com/karstenflache/commander-1/main.go:146.26,148.20 2 0
github.com/karstenflache/commander-1/main.go:148.20,152.6 3 0
github.com/karstenflache/commander-1/main.go:154.20,157.41 3 0
github.com/karstenflache/commander-1/main.go:160.12,161.43 1 0
github.com/karstenflache/commander-1/main.go:162.12,163.43 1 0
github.com/karstenflache/commander-1/main.go:164.12,165.45 1 0
github.com/karstenflache/commander-1/main.go:168.12,170.112 2 0
github.com/karstenflache/commander-1/main.go:173.2,173.15 1 1
github.com/karstenflache/commander-1/main.go:177.56,181.25 3 1
github.com/karstenflache/commander-1/main.go:181.25,184.3 2 0
github.com/karstenflache/commander-1/main.go:186.2,190.12 4 1
github.com/karstenflache/commander-1/main.go:191.14,192.81 1 1
github.com/karstenflache/commander-1/main.go:193.14,194.84 1 0
github.com/karstenflache/commander-1/main.go:195.16,196.55 1 0
github.com/karstenflache/commander-1/main.go:200.2,200.24 1 1
github.com/karstenflache/commander-1/main.go:200.24,202.13 2 1
github.com/karstenflache/commander-1/main.go:203.15,204.36 1 1
github.com/karstenflache/commander-1/main.go:205.15,206.37 1 0
github.com/karstenflache/commander-1/main.go:207.17,208.28 1 0
github.com/karstenflache/commander-1/main.go:211.3,211.17 1 1
github.com/karstenflache/commander-1/main.go:211.17,213.4 1 1
github.com/karstenflache/commander-1/main.go:215.3,215.105 1 0
github.com/karstenflache/commander-1/main.go:227.38,229.16 2 1
github.com/karstenflache/commander-1/main.go:229.16,231.3 1 1
github.com/karstenflache/commander-1/main.go:232.2,235.16 3 1
github.com/karstenflache/commander-1/main.go:235.16,237.3 1 1
github.com/karstenflache/commander-1/main.go:238.2,241.12 3 1
github.com/karstenflache/commander-1/main.go:244.46,247.28 3 1
github.com/karstenflache/commander-1/main.go:247.28,249.3 1 1
github.com/karstenflache/commander-1/main.go:252.2,253.34 2 1
github.com/karstenflache/commander-1/main.go:253.34,254.58 1 1
github.com/karstenflache/commander-1/main.go:254.58,255.12 1 1
github.com/karstenflache/commander-1/main.go:257.3,257.49 1 1
github.com/karstenflache/commander-1/main.go:261.2,262.27 2 1
github.com/karstenflache/commander-1/main.go:262.27,264.3 1 1
github.com/karstenflache/commander-1/main.go:267.2,268.29 2 1
github.com/karstenflache/commander-1/main.go:268.29,269.32 1 1
github.com/karstenflache/commander-1/main.go:269.32,272.57 2 1
github.com/karstenflache/commander-1/main.go:272.57,273.67 1 1
github.com/karstenflache/commander-1/main.go:273.67,275.6 1 1
github.com/karstenflache/commander-1/main.go:277.4,278.25 2 1
github.com/karstenflache/commander-1/main.go:278.25,280.5 1 0
github.com/karstenflache/commander-1/main.go:281.4,281.44 1 1
github.com/karstenflache/commander-1/main.go:281.44,283.5 1 0
github.com/karstenflache/commander-1/main.go:285.8,288.3 2 1
github.com/karstenflache/commander-1/main.go:291.2,291.29 1 1
github.com/karstenflache/commander-1/main.go:291.29,292.39 1 1
github.com/karstenflache/commander-1/main.go:292.39,294.28 2 0
github.com/karstenflache/commander-1/main.go:294.28,296.5 1 0
github.com/karstenflache/commander-1/main.go:297.9,297.62 1 1
github.com/karstenflache/commander-1/main.go:297.62,299.4 1 0
github.com/karstenflache/commander-1/main.go:301.3,301.60 1 1
github.com/karstenflache/commander-1/main.go:301.60,303.4 1 1
github.com/karstenflache/commander-1/main.go:304.3,304.27 1 1
github.com/karstenflache/commander-1/main.go:304.27,306.4 1 1
github.com/karstenflache/commander-1/main.go:309.2,311.18 3 1
github.com/karstenflache/commander-1/main.go:311.18,313.3 1 1
github.com/karstenflache/commander-1/main.go:314.2,317.97 2 1
github.com/karstenflache/commander-1/main.go:317.97,320.18 3 1
github.com/karstenflache/commander-1/main.go:320.18,322.4 1 1
github.com/karstenflache/commander-1/main.go:322.9,324.4 1 1
github.com/karstenflache/commander-1/main.go:326.3,327.51 2 1
github.com/karstenflache/commander-1/main.go:327.51,329.4 1 1
github.com/karstenflache/commander-1/main.go:329.9,331.4 1 1
github.com/karstenflache/commander-1/main.go:335.2,336.35 2 1
github.com/karstenflache/commander-1/main.go:336.35,339.3 2 0
github.com/karstenflache/commander-1/main.go:341.2,341.33 1 1
github.com/karstenflache/commander-1/main.go:345.90,347.16 1 1
github.com/karstenflache/commander-1/main.go:347.16,349.3 1 1
github.com/karstenflache/commander-1/main.go:351.2,355.35 4 1
github.com/karstenflache/commander-1/main.go:355.35,356.25 1 1
github.com/karstenflache/commander-1/main.go:356.25,358.4 1 1
github.com/karstenflache/commander-1/main.go:358.9,360.4 1 1
github.com/karstenflache/commander-1/main.go:363.2,363.87 1 1
github.com/karstenflache/commander-1/main.go:366.30,367.18 1 1
github.com/karstenflache/commander-1/main.go:367.18,369.3 1 1
github.com/karstenflache/commander-1/main.go:371.2,375.23 3 1
github.com/karstenflache/commander-1/main.go:375.23,377.3 1 1
github.com/karstenflache/commander-1/main.go:379.2,381.86 2 1
github.com/karstenflache/commander-1/main.go:384.13,386.35 2 0
github.com/karstenflache/commander-1/main.go:386.35,389.3 2 0
