mode: set
github.com/karstenflache/commander-1/fs/fs.go:17.48,19.16 2 1
github.com/karstenflache/commander-1/fs/fs.go:19.16,21.3 1 1
github.com/karstenflache/commander-1/fs/fs.go:23.2,24.32 2 1
github.com/karstenflache/commander-1/fs/fs.go:24.32,31.3 2 1
github.com/karstenflache/commander-1/fs/fs.go:34.2,34.40 1 1
github.com/karstenflache/commander-1/fs/fs.go:34.40,35.39 1 1
github.com/karstenflache/commander-1/fs/fs.go:35.39,37.4 1 1
github.com/karstenflache/commander-1/fs/fs.go:38.3,38.39 1 1
github.com/karstenflache/commander-1/fs/fs.go:41.2,41.19 1 1
github.com/karstenflache/commander-1/fs/fs.go:45.34,47.16 2 1
github.com/karstenflache/commander-1/fs/fs.go:47.16,49.3 1 1
github.com/karstenflache/commander-1/fs/fs.go:50.2,53.16 3 1
github.com/karstenflache/commander-1/fs/fs.go:53.16,55.3 1 0
github.com/karstenflache/commander-1/fs/fs.go:57.2,58.16 2 1
github.com/karstenflache/commander-1/fs/fs.go:58.16,60.3 1 0
github.com/karstenflache/commander-1/fs/fs.go:61.2,64.12 3 1
github.com/karstenflache/commander-1/fs/fs.go:68.34,71.16 2 1
github.com/karstenflache/commander-1/fs/fs.go:71.16,73.3 1 1
github.com/karstenflache/commander-1/fs/fs.go:76.2,76.39 1 0
github.com/karstenflache/commander-1/fs/fs.go:76.39,78.3 1 0
github.com/karstenflache/commander-1/fs/fs.go:79.2,79.23 1 0
github.com/karstenflache/commander-1/fs/fs.go:83.32,85.2 1 1
github.com/karstenflache/commander-1/fs/fs.go:88.37,90.16 2 1
github.com/karstenflache/commander-1/fs/fs.go:90.16,92.3 1 0
github.com/karstenflache/commander-1/fs/fs.go:93.2,93.22 1 1
github.com/karstenflache/commander-1/fs/fs.go:93.22,95.3 1 1
github.com/karstenflache/commander-1/fs/fs.go:97.2,98.16 2 1
github.com/karstenflache/commander-1/fs/fs.go:98.16,100.3 1 1
github.com/karstenflache/commander-1/fs/fs.go:102.2,103.16 2 1
github.com/karstenflache/commander-1/fs/fs.go:103.16,105.3 1 0
github.com/karstenflache/commander-1/fs/fs.go:107.2,108.16 2 1
github.com/karstenflache/commander-1/fs/fs.go:108.16,110.3 1 0
github.com/karstenflache/commander-1/fs/fs.go:112.2,112.32 1 1
github.com/karstenflache/commander-1/fs/fs.go:112.32,116.20 3 1
github.com/karstenflache/commander-1/fs/fs.go:116.20,118.18 2 1
github.com/karstenflache/commander-1/fs/fs.go:118.18,120.5 1 0
github.com/karstenflache/commander-1/fs/fs.go:121.9,123.18 2 1
github.com/karstenflache/commander-1/fs/fs.go:123.18,125.5 1 0
github.com/karstenflache/commander-1/fs/fs.go:128.2,128.12 1 1
github.com/karstenflache/commander-1/fs/fs.go:132.35,134.2 1 1
github.com/karstenflache/commander-1/fs/fs.go:137.68,139.16 2 1
github.com/karstenflache/commander-1/fs/fs.go:139.16,141.3 1 0
github.com/karstenflache/commander-1/fs/fs.go:143.2,144.32 2 1
github.com/karstenflache/commander-1/fs/fs.go:144.32,154.25 4 1
github.com/karstenflache/commander-1/fs/fs.go:154.25,156.18 2 1
github.com/karstenflache/commander-1/fs/fs.go:156.18,157.13 1 0
github.com/karstenflache/commander-1/fs/fs.go:159.4,159.40 1 1
github.com/karstenflache/commander-1/fs/fs.go:163.2,163.40 1 1
github.com/karstenflache/commander-1/fs/fs.go:163.40,164.39 1 1
github.com/karstenflache/commander-1/fs/fs.go:164.39,166.4 1 1
github.com/karstenflache/commander-1/fs/fs.go:167.3,167.39 1 1
github.com/karstenflache/commander-1/fs/fs.go:170.2,170.19 1 1
